<?xml version="1.0" encoding="UTF-8"?>
<testng-results skipped="0" failed="0" ignored="0" total="1" passed="1">
  <reporter-output>
  </reporter-output>
  <suite name="Default suite" duration-ms="27" started-at="2019-03-05T07:25:43Z" finished-at="2019-03-05T07:25:43Z">
    <groups>
    </groups>
    <test name="Default test" duration-ms="27" started-at="2019-03-05T07:25:43Z" finished-at="2019-03-05T07:25:43Z">
      <class name="MavenParactice.GitDemo.GitDemo1">
        <test-method status="PASS" signature="testGit()[pri:0, instance:MavenParactice.GitDemo.GitDemo1@20e2cbe0]" name="testGit" duration-ms="6" started-at="2019-03-05T07:25:43Z" finished-at="2019-03-05T07:25:43Z">
          <reporter-output>
          </reporter-output>
        </test-method> <!-- testGit -->
      </class> <!-- MavenParactice.GitDemo.GitDemo1 -->
    </test> <!-- Default test -->
  </suite> <!-- Default suite -->
</testng-results>
